<?xml version="1.0" encoding="UTF-8"?>
<testsuite name="com.example.princeproject.FacilityUnitTest" tests="12" skipped="0" failures="0" errors="0" timestamp="2024-12-02T04:59:06" hostname="LAPTOP-61CN85V3" time="0.016">
  <properties/>
  <testcase name="testDecodeBase64String_withValidData" classname="com.example.princeproject.FacilityUnitTest" time="0.008"/>
  <testcase name="testSetDescription" classname="com.example.princeproject.FacilityUnitTest" time="0.0"/>
  <testcase name="testSetLocation" classname="com.example.princeproject.FacilityUnitTest" time="0.001"/>
  <testcase name="testGetLocation" classname="com.example.princeproject.FacilityUnitTest" time="0.0"/>
  <testcase name="testGetName" classname="com.example.princeproject.FacilityUnitTest" time="0.0"/>
  <testcase name="testSetOrganizerId" classname="com.example.princeproject.FacilityUnitTest" time="0.001"/>
  <testcase name="testGetDescription" classname="com.example.princeproject.FacilityUnitTest" time="0.0"/>
  <testcase name="testDecodeBase64String_withNullData" classname="com.example.princeproject.FacilityUnitTest" time="0.001"/>
  <testcase name="testSetBase64ImageEncode" classname="com.example.princeproject.FacilityUnitTest" time="0.001"/>
  <testcase name="testSetName" classname="com.example.princeproject.FacilityUnitTest" time="0.001"/>
  <testcase name="testGetOrganizerId" classname="com.example.princeproject.FacilityUnitTest" time="0.001"/>
  <testcase name="testGetBase64ImageEncode" classname="com.example.princeproject.FacilityUnitTest" time="0.0"/>
  <system-out><![CDATA[]]></system-out>
  <system-err><![CDATA[]]></system-err>
</testsuite>
