<?xml version='1.0' encoding='UTF-8' ?>
<testsuite name="com.example.princeproject.FacilityActivityUITest" tests="1" failures="0" errors="0" skipped="0" time="10.171" timestamp="2024-12-02T21:46:44" hostname="localhost">
  <properties>
    <property name="device" value="Medium_Phone_API_35(AVD) - 15" />
    <property name="flavor" value="" />
    <property name="project" value=":app" />
  </properties>
  <testcase name="testCancelEditFacilityProfile" classname="com.example.princeproject.FacilityActivityUITest" time="8.456" />
</testsuite>