<?xml version='1.0' encoding='UTF-8' ?>
<testsuite name="com.example.princeproject.NewUserActivityTest" tests="1" failures="0" errors="0" skipped="0" time="28.981" timestamp="2024-11-30T04:13:34" hostname="localhost">
  <properties>
    <property name="device" value="Medium_Phone_API_35(AVD) - 15" />
    <property name="flavor" value="" />
    <property name="project" value=":app" />
  </properties>
  <testcase name="testUserInformationSubmission" classname="com.example.princeproject.NewUserActivityTest" time="25.849" />
</testsuite>