<?xml version='1.0' encoding='UTF-8' ?>
<testsuite name="com.example.princeproject.AdminFacilityAdapterTest" tests="2" failures="2" errors="0" skipped="0" time="2.246" timestamp="2024-12-02T08:01:41" hostname="localhost">
  <properties>
    <property name="device" value="Medium_Phone_API_35(AVD) - 15" />
    <property name="flavor" value="" />
    <property name="project" value=":app" />
  </properties>
  <testcase name="testRemoveImage" classname="com.example.princeproject.AdminFacilityAdapterTest" time="1.789">
    <failure>java.lang.AssertionError: LayoutInflater not found.
at android.view.LayoutInflater.from(LayoutInflater.java:269)
at android.widget.ArrayAdapter.&lt;init&gt;(ArrayAdapter.java:213)
at android.widget.ArrayAdapter.&lt;init&gt;(ArrayAdapter.java:207)
at android.widget.ArrayAdapter.&lt;init&gt;(ArrayAdapter.java:193)
at com.example.princeproject.AdminPage.AdminFacilityAdapter.&lt;init&gt;(AdminFacilityAdapter.java:43)
at com.example.princeproject.AdminFacilityAdapterTest.setUp(AdminFacilityAdapterTest.java:47)
</failure>
  </testcase>
  <testcase name="testDeleteFacility" classname="com.example.princeproject.AdminFacilityAdapterTest" time="0.009">
    <failure>java.lang.AssertionError: LayoutInflater not found.
at android.view.LayoutInflater.from(LayoutInflater.java:269)
at android.widget.ArrayAdapter.&lt;init&gt;(ArrayAdapter.java:213)
at android.widget.ArrayAdapter.&lt;init&gt;(ArrayAdapter.java:207)
at android.widget.ArrayAdapter.&lt;init&gt;(ArrayAdapter.java:193)
at com.example.princeproject.AdminPage.AdminFacilityAdapter.&lt;init&gt;(AdminFacilityAdapter.java:43)
at com.example.princeproject.AdminFacilityAdapterTest.setUp(AdminFacilityAdapterTest.java:47)
</failure>
  </testcase>
</testsuite>