<?xml version='1.0' encoding='UTF-8' ?>
<testsuite name="com.example.princeproject.NotificationPreferenceManagerTest" tests="1" failures="0" errors="0" skipped="0" time="9.22" timestamp="2024-11-30T03:46:10" hostname="localhost">
  <properties>
    <property name="device" value="Medium_Phone_API_35(AVD) - 15" />
    <property name="flavor" value="" />
    <property name="project" value=":app" />
  </properties>
  <testcase name="testNotificationPreferenceChange" classname="com.example.princeproject.NotificationPreferenceManagerTest" time="5.406" />
</testsuite>